[2019-12-27 19:45:49]TCPRoute start listen[serverSock:6]......
[2019-12-27 19:45:53]Connect with [172.16.80.2][clientSock:7].
[2019-12-27 19:45:53]Recv hello from master 0.1(direct)[value:88].
[2019-12-27 19:45:53]Send ACK to master 0.1[value:88].
[2019-12-27 19:45:53]Recv master 0.1's inDirNodeNum:0[value:88].
[2019-12-27 19:45:53]Connect with [172.16.80.3][clientSock:9].
[2019-12-27 19:45:53]Recv hello from master 0.2(direct)[value:88].
[2019-12-27 19:45:53]Send ACK to master 0.2[value:88].
[2019-12-27 19:45:53]Recv master 0.2's inDirNodeNum:0[value:88].
[2019-12-27 19:45:58]Connect with [172.16.80.12][clientSock:11].
[2019-12-27 19:45:58]Recv hello from node 1.2(direct)[value:88].
[2019-12-27 19:45:58]Send ACK to node 1.2[value:88].
[2019-12-27 19:45:58]Connect with [172.16.80.20][clientSock:13].
[2019-12-27 19:45:58]Recv hello from node 2.0(direct)[value:88].
[2019-12-27 19:45:58]Send ACK to node 2.0[value:88].
[2019-12-27 19:45:58]Connect with [172.16.80.13][clientSock:15].
[2019-12-27 19:45:58]Connect with [172.16.80.10][clientSock:17].
[2019-12-27 19:45:58]Recv hello from node 1.0(direct)[value:88].
[2019-12-27 19:45:58]Send ACK to node 1.0[value:88].
[2019-12-27 19:45:58]Connect with [172.16.80.22][clientSock:19].
[2019-12-27 19:45:58]Connect with [172.16.80.11][clientSock:21].
[2019-12-27 19:45:58]Recv hello from node 1.1(direct)[value:88].
[2019-12-27 19:45:58]Send ACK to node 1.1[value:88].
[2019-12-27 19:45:58]Recv hello from node 1.3(direct)[value:88].
[2019-12-27 19:45:58]Send ACK to node 1.3[value:88].
[2019-12-27 19:45:58]Recv hello from node 2.2(direct)[value:88].
[2019-12-27 19:45:58]Send ACK to node 2.2[value:88].
[2019-12-27 19:45:58]Connect with [172.16.80.23][clientSock:23].
[2019-12-27 19:45:58]Connect with [172.16.80.30][clientSock:25].
[2019-12-27 19:45:58]Recv hello from node 3.0(direct)[value:88].
[2019-12-27 19:45:58]Send ACK to node 3.0[value:88].
[2019-12-27 19:45:58]Connect with [172.16.80.21][clientSock:27].
[2019-12-27 19:45:58]Recv hello from node 2.1(direct)[value:88].
[2019-12-27 19:45:58]Send ACK to node 2.1[value:88].
[2019-12-27 19:45:58]Connect with [172.16.80.31][clientSock:29].
[2019-12-27 19:45:58]Recv hello from node 3.1(direct)[value:88].
[2019-12-27 19:45:58]Send ACK to node 3.1[value:88].
[2019-12-27 19:45:58]Connect with [172.16.80.32][clientSock:31].
[2019-12-27 19:45:58]Recv hello from node 3.2(direct)[value:88].
[2019-12-27 19:45:58]Send ACK to node 3.2[value:88].
[2019-12-27 19:45:58]Connect with [172.16.80.34][clientSock:33].
[2019-12-27 19:45:58]Recv hello from node 3.4(direct)[value:88].
[2019-12-27 19:45:58]Send ACK to node 3.4[value:88].
[2019-12-27 19:45:58]Connect with [172.16.80.33][clientSock:35].
[2019-12-27 19:45:58]Recv hello from node 3.3(direct)[value:88].
[2019-12-27 19:45:58]Send ACK to node 3.3[value:88].
[2019-12-27 19:45:58]Connect with [172.16.80.36][clientSock:37].
[2019-12-27 19:45:58]Connect with [172.16.80.35][clientSock:39].
[2019-12-27 19:45:58]Recv hello from node 3.6(direct)[value:88].
[2019-12-27 19:45:58]Send ACK to node 3.6[value:88].
[2019-12-27 19:45:58]Recv hello from node 3.5(direct)[value:88].
[2019-12-27 19:45:58]Send ACK to node 3.5[value:88].
[2019-12-27 19:45:58]Connect with [172.16.80.37][clientSock:42].
[2019-12-27 19:45:58]Recv hello from node 3.7(direct)[value:88].
[2019-12-27 19:45:58]Send ACK to node 3.7[value:88].
[2019-12-27 19:45:59]Recv hello from node 2.3(direct)[value:88].
[2019-12-27 19:45:59]Send ACK to node 2.3[value:88].
[2019-12-27 19:46:1]Master 0.0 recv 2.1--1.0 up from Node 2.1[value:88].
[2019-12-27 19:46:1]Master 0.0 recv 1.0--2.1 up from Node 1.0[value:88].
[2019-12-27 19:46:1]Master 0.0 recv 2.1--1.0 up from Master 0.2[value:88].
[2019-12-27 19:46:1]Master 0.0 recv 2.1--1.0 up from Master 0.1[value:88].
[2019-12-27 19:46:1]Master 0.0 recv 1.0--2.1 up from Master 0.1[value:88].
[2019-12-27 19:46:1]Master 0.0 recv 1.0--2.1 up from Master 0.2[value:88].
[2019-12-27 19:46:1]Master 0.0 recv 3.5--2.3 up from Node 3.5[value:88].
[2019-12-27 19:46:1]Master 0.0 recv 3.6--2.3 up from Node 3.6[value:88].
[2019-12-27 19:46:1]Master 0.0 recv 3.7--2.3 up from Node 3.7[value:88].
[2019-12-27 19:46:1]Master 0.0 recv 3.4--2.3 up from Node 3.4[value:88].
[2019-12-27 19:46:1]Master 0.0 recv 2.3--3.6 up from Node 2.3[value:88].
[2019-12-27 19:46:1]Master 0.0 recv 3.5--2.3 up from Master 0.2[value:88].
[2019-12-27 19:46:1]Master 0.0 recv 3.5--2.3 up from Master 0.1[value:88].
[2019-12-27 19:46:1]Master 0.0 recv 2.3--3.6 up from Master 0.1[value:88].
[2019-12-27 19:46:1]Master 0.0 recv 3.4--2.3 up from Master 0.1[value:88].
[2019-12-27 19:46:1]Master 0.0 recv 3.6--2.3 up from Master 0.1[value:88].
[2019-12-27 19:46:1]Master 0.0 recv 3.4--2.3 up from Master 0.2[value:88].
[2019-12-27 19:46:1]Master 0.0 recv 2.3--3.5 up from Master 0.2[value:88].
[2019-12-27 19:46:1]Master 0.0 recv 3.6--2.3 up from Master 0.2[value:88].
[2019-12-27 19:46:1]Master 0.0 recv 3.7--2.3 up from Master 0.2[value:88].
[2019-12-27 19:46:1]Master 0.0 recv 3.0--2.2 up from Node 3.0[value:88].
[2019-12-27 19:46:1]Master 0.0 recv 3.2--2.2 up from Node 3.2[value:88].
[2019-12-27 19:46:1]Master 0.0 recv 3.3--2.2 up from Node 3.3[value:88].
[2019-12-27 19:46:1]Master 0.0 recv 3.1--2.2 up from Node 3.1[value:88].
[2019-12-27 19:46:1]Master 0.0 recv 2.2--3.3 up from Node 2.2[value:88].
[2019-12-27 19:46:1]Master 0.0 recv 2.2--3.0 up from Master 0.2[value:88].
[2019-12-27 19:46:1]Master 0.0 recv 2.2--3.3 up from Master 0.1[value:88].
[2019-12-27 19:46:1]Master 0.0 recv 3.1--2.2 up from Master 0.2[value:88].
[2019-12-27 19:46:1]Master 0.0 recv 3.3--2.2 up from Master 0.2[value:88].
[2019-12-27 19:46:1]Master 0.0 recv 3.2--2.2 up from Master 0.2[value:88].
[2019-12-27 19:46:1]Master 0.0 recv 3.0--2.2 up from Master 0.2[value:88].
[2019-12-27 19:46:1]Master 0.0 recv 1.1--2.0 up from Node 1.1[value:88].
[2019-12-27 19:46:1]Master 0.0 recv 1.0--2.0 up from Node 1.0[value:88].
[2019-12-27 19:46:1]Master 0.0 recv 2.0--1.0 up from Node 2.0[value:88].
[2019-12-27 19:46:1]Master 0.0 recv 1.1--2.0 up from Master 0.2[value:88].
[2019-12-27 19:46:1]Master 0.0 recv 1.0--2.0 up from Master 0.1[value:88].
[2019-12-27 19:46:1]Master 0.0 recv 2.0--1.0 up from Master 0.1[value:88].
[2019-12-27 19:46:1]Master 0.0 recv 3.2--2.2 up from Master 0.1[value:88].
[2019-12-27 19:46:1]Master 0.0 recv 3.1--2.2 up from Master 0.1[value:88].
[2019-12-27 19:46:1]Master 0.0 recv 3.3--2.2 up from Master 0.1[value:88].
[2019-12-27 19:46:1]Master 0.0 recv 3.0--2.2 up from Master 0.1[value:88].
[2019-12-27 19:46:1]Master 0.0 recv 1.1--2.0 up from Master 0.1[value:88].
[2019-12-27 19:46:1]Master 0.0 recv 2.3--3.4 up from Node 2.3[value:88].
[2019-12-27 19:46:1]Master 0.0 recv 2.3--3.7 up from Node 2.3[value:88].
[2019-12-27 19:46:1]Master 0.0 recv 2.3--3.5 up from Node 2.3[value:88].
[2019-12-27 19:46:1]Master 0.0 recv 3.7--2.3 up from Master 0.1[value:88].
[2019-12-27 19:46:1]Master 0.0 recv 2.3--3.7 up from Master 0.1[value:88].
[2019-12-27 19:46:1]Master 0.0 recv 2.3--3.4 up from Master 0.1[value:88].
[2019-12-27 19:46:1]Master 0.0 recv 2.0--1.1 up from Master 0.2[value:88].
[2019-12-27 19:46:1]Master 0.0 recv 2.3--3.5 up from Master 0.1[value:88].
[2019-12-27 19:46:1]Master 0.0 recv 1.0--2.0 up from Master 0.2[value:88].
[2019-12-27 19:46:1]Master 0.0 recv 2.2--3.2 up from Master 0.1[value:88].
[2019-12-27 19:46:1]Master 0.0 recv 2.2--3.2 up from Node 2.2[value:88].
[2019-12-27 19:46:1]Master 0.0 recv 2.2--3.1 up from Node 2.2[value:88].
[2019-12-27 19:46:1]Master 0.0 recv 2.2--3.0 up from Node 2.2[value:88].
[2019-12-27 19:46:1]Master 0.0 recv 2.3--3.6 up from Master 0.2[value:88].
[2019-12-27 19:46:1]Master 0.0 recv 2.3--3.4 up from Master 0.2[value:88].
[2019-12-27 19:46:1]Master 0.0 recv 2.3--3.7 up from Master 0.2[value:88].
[2019-12-27 19:46:1]Master 0.0 recv 2.2--3.1 up from Master 0.1[value:88].
[2019-12-27 19:46:1]Master 0.0 recv 2.2--3.3 up from Master 0.2[value:88].
[2019-12-27 19:46:1]Master 0.0 recv 2.2--3.0 up from Master 0.1[value:88].
[2019-12-27 19:46:1]Master 0.0 recv 2.2--3.1 up from Master 0.2[value:88].
[2019-12-27 19:46:1]Master 0.0 recv 2.2--3.2 up from Master 0.2[value:88].
[2019-12-27 19:46:1]Master 0.0 recv 2.0--1.1 up from Node 2.0[value:88].
[2019-12-27 19:46:1]Master 0.0 recv 2.0--1.1 up from Master 0.1[value:88].
[2019-12-27 19:46:1]Master 0.0 recv 2.0--1.0 up from Master 0.2[value:88].
[2019-12-27 19:46:1]Master 0.0 recv 2.1--1.1 up from Node 2.1[value:88].
[2019-12-27 19:46:1]Master 0.0 recv 1.1--2.1 up from Node 1.1[value:88].
[2019-12-27 19:46:1]Master 0.0 recv 2.1--1.1 up from Master 0.1[value:88].
[2019-12-27 19:46:1]Master 0.0 recv 2.1--1.1 up from Master 0.2[value:88].
[2019-12-27 19:46:1]Master 0.0 recv 1.1--2.1 up from Master 0.1[value:88].
[2019-12-27 19:46:1]Master 0.0 recv 1.1--2.1 up from Master 0.2[value:88].
[2019-12-27 19:46:1]Master 0.0 recv 2.2--1.2 up from Node 2.2[value:88].
[2019-12-27 19:46:1]Master 0.0 recv 1.2--2.3 up from Node 1.2[value:88].
[2019-12-27 19:46:1]Master 0.0 recv 1.2--2.3 up from Master 0.1[value:88].
[2019-12-27 19:46:1]Master 0.0 recv 2.3--1.2 up from Master 0.2[value:88].
[2019-12-27 19:46:1]Master 0.0 recv 2.3--1.2 up from Node 2.3[value:88].
[2019-12-27 19:46:1]Master 0.0 recv 1.2--2.3 up from Master 0.2[value:88].
[2019-12-27 19:46:1]Master 0.0 recv 2.3--1.2 up from Master 0.1[value:88].
[2019-12-27 19:46:1]Master 0.0 recv 2.2--1.2 up from Master 0.1[value:88].
[2019-12-27 19:46:1]Master 0.0 recv 2.2--1.2 up from Master 0.2[value:88].
[2019-12-27 19:46:1]Master 0.0 recv 3.1--2.0 up from Node 3.1[value:88].
[2019-12-27 19:46:1]Master 0.0 recv 3.0--2.0 up from Node 3.0[value:88].
[2019-12-27 19:46:1]Master 0.0 recv 3.3--2.0 up from Node 3.3[value:88].
[2019-12-27 19:46:1]Master 0.0 recv 3.2--2.0 up from Node 3.2[value:88].
[2019-12-27 19:46:1]Master 0.0 recv 2.0--3.0 up from Node 2.0[value:88].
[2019-12-27 19:46:1]Master 0.0 recv 2.0--3.0 up from Master 0.2[value:88].
[2019-12-27 19:46:1]Master 0.0 recv 2.0--3.1 up from Master 0.2[value:88].
[2019-12-27 19:46:1]Master 0.0 recv 2.0--3.3 up from Master 0.2[value:88].
[2019-12-27 19:46:1]Master 0.0 recv 2.0--3.2 up from Master 0.2[value:88].
[2019-12-27 19:46:1]Master 0.0 recv 2.0--3.0 up from Master 0.1[value:88].
[2019-12-27 19:46:1]Master 0.0 recv 2.0--3.2 up from Master 0.1[value:88].
[2019-12-27 19:46:1]Master 0.0 recv 2.0--3.3 up from Master 0.1[value:88].
[2019-12-27 19:46:1]Master 0.0 recv 2.0--3.1 up from Master 0.1[value:88].
[2019-12-27 19:46:1]Master 0.0 recv 3.2--2.0 up from Master 0.1[value:88].
[2019-12-27 19:46:1]Master 0.0 recv 3.1--2.0 up from Master 0.1[value:88].
[2019-12-27 19:46:1]Master 0.0 recv 3.3--2.0 up from Master 0.1[value:88].
[2019-12-27 19:46:1]Master 0.0 recv 3.0--2.0 up from Master 0.1[value:88].
[2019-12-27 19:46:1]Master 0.0 recv 2.0--3.2 up from Node 2.0[value:88].
[2019-12-27 19:46:1]Master 0.0 recv 1.2--2.2 up from Master 0.2[value:88].
[2019-12-27 19:46:1]Master 0.0 recv 2.0--3.3 up from Node 2.0[value:88].
[2019-12-27 19:46:1]Master 0.0 recv 2.0--3.1 up from Node 2.0[value:88].
[2019-12-27 19:46:1]Master 0.0 recv 1.2--2.2 up from Node 1.2[value:88].
[2019-12-27 19:46:1]Master 0.0 recv 1.2--2.2 up from Master 0.1[value:88].
[2019-12-27 19:46:1]Master 0.0 recv 3.1--2.0 up from Master 0.2[value:88].
[2019-12-27 19:46:1]Master 0.0 recv 3.2--2.0 up from Master 0.2[value:88].
[2019-12-27 19:46:1]Master 0.0 recv 3.3--2.0 up from Master 0.2[value:88].
[2019-12-27 19:46:1]Master 0.0 recv 3.0--2.0 up from Master 0.2[value:88].
[2019-12-27 19:46:1]Master 0.0 recv 3.4--2.1 up from Node 3.4[value:88].
[2019-12-27 19:46:1]Master 0.0 recv 3.6--2.1 up from Node 3.6[value:88].
[2019-12-27 19:46:1]Master 0.0 recv 3.5--2.1 up from Node 3.5[value:88].
[2019-12-27 19:46:1]Master 0.0 recv 3.7--2.1 up from Node 3.7[value:88].
[2019-12-27 19:46:1]Master 0.0 recv 2.1--3.5 up from Master 0.2[value:88].
[2019-12-27 19:46:1]Master 0.0 recv 2.1--3.6 up from Node 2.1[value:88].
[2019-12-27 19:46:1]Master 0.0 recv 3.5--2.1 up from Master 0.1[value:88].
[2019-12-27 19:46:1]Master 0.0 recv 2.1--3.7 up from Node 2.1[value:88].
[2019-12-27 19:46:1]Master 0.0 recv 2.1--3.4 up from Node 2.1[value:88].
[2019-12-27 19:46:1]Master 0.0 recv 3.4--2.1 up from Master 0.1[value:88].
[2019-12-27 19:46:1]Master 0.0 recv 2.1--3.7 up from Master 0.1[value:88].
[2019-12-27 19:46:1]Master 0.0 recv 3.6--2.1 up from Master 0.1[value:88].
[2019-12-27 19:46:1]Master 0.0 recv 2.1--3.6 up from Master 0.1[value:88].
[2019-12-27 19:46:1]Master 0.0 recv 2.1--3.5 up from Node 2.1[value:88].
[2019-12-27 19:46:1]Master 0.0 recv 2.1--3.4 up from Master 0.1[value:88].
[2019-12-27 19:46:1]Master 0.0 recv 2.1--3.5 up from Master 0.1[value:88].
[2019-12-27 19:46:1]Master 0.0 recv 3.7--2.1 up from Master 0.1[value:88].
[2019-12-27 19:46:1]Master 0.0 recv 3.6--2.1 up from Master 0.2[value:88].
[2019-12-27 19:46:1]Master 0.0 recv 3.5--2.1 up from Master 0.2[value:88].
[2019-12-27 19:46:1]Master 0.0 recv 3.4--2.1 up from Master 0.2[value:88].
[2019-12-27 19:46:1]Master 0.0 recv 2.1--3.7 up from Master 0.2[value:88].
[2019-12-27 19:46:1]Master 0.0 recv 2.1--3.4 up from Master 0.2[value:88].
[2019-12-27 19:46:1]Master 0.0 recv 2.1--3.6 up from Master 0.2[value:88].
[2019-12-27 19:46:1]Master 0.0 recv 3.7--2.1 up from Master 0.2[value:88].
[2019-12-27 19:46:1]Master 0.0 recv 2.3--1.3 up from Node 2.3[value:88].
[2019-12-27 19:46:1]Master 0.0 recv 1.3--2.3 up from Node 1.3[value:88].
[2019-12-27 19:46:1]Master 0.0 recv 2.3--1.3 up from Master 0.1[value:88].
[2019-12-27 19:46:1]Master 0.0 recv 1.3--2.3 up from Master 0.2[value:88].
[2019-12-27 19:46:1]Master 0.0 recv 2.3--1.3 up from Master 0.2[value:88].
[2019-12-27 19:46:1]Master 0.0 recv 1.3--2.3 up from Master 0.1[value:88].
[2019-12-27 19:46:2]Master 0.0 recv 2.2--1.3 up from Node 2.2[value:88].
[2019-12-27 19:46:2]Master 0.0 recv 1.3--2.2 up from Node 1.3[value:88].
[2019-12-27 19:46:2]Master 0.0 recv 2.2--1.3 up from Master 0.2[value:88].
[2019-12-27 19:46:2]Master 0.0 recv 2.2--1.3 up from Master 0.1[value:88].
[2019-12-27 19:46:2]Master 0.0 recv 1.3--2.2 up from Master 0.2[value:88].
[2019-12-27 19:46:2]Master 0.0 recv 1.3--2.2 up from Master 0.1[value:88].
