level:0
position:0
masterAddress:10.0.1.67
masterPort:6666
defaultMasterTimer:1000
defaultKeepaliveTimer:3

[2019-8-30 11:13:46]TCPServer Start!
[2019-8-30 11:13:46]Server created thread HandleRead successfully......
[2019-8-30 11:13:46]KeepAliveProcess
[2019-8-30 11:13:47]Connect with [10.0.8.65] and client_sockfd is 8
[2019-8-30 11:13:47]Server created server thread successfully and socket is 8

[2019-8-30 11:13:47]Server recieve message Hello|3|5;......
[2019-8-30 11:13:47]Server send Hello|SUCCESS to Node and sock is 8

[2019-8-30 11:13:47]Server recieve message LinkStatus|3|5|2|1|1;......
[2019-8-30 11:13:47]Node 0.0 handle message ,isNeedToNotice is 0,system time is 3943.146390891......
[2019-8-30 11:13:47]Connect with [10.0.8.64] and client_sockfd is 10
[2019-8-30 11:13:47]Server created server thread successfully and socket is 10

[2019-8-30 11:13:47]Server recieve message Hello|3|4;......
[2019-8-30 11:13:47]Server send Hello|SUCCESS to Node and sock is 10

[2019-8-30 11:13:47]Server recieve message LinkStatus|3|4|2|1|1;......
[2019-8-30 11:13:47]Node 0.0 handle message ,isNeedToNotice is 0,system time is 3943.374487119......
[2019-8-30 11:13:47]Connect with [10.0.8.67] and client_sockfd is 12
[2019-8-30 11:13:47]Server created server thread successfully and socket is 12

[2019-8-30 11:13:47]Server recieve message Hello|3|7;......
[2019-8-30 11:13:47]Server send Hello|SUCCESS to Node and sock is 12

[2019-8-30 11:13:47]Server recieve message LinkStatus|3|7|2|1|1;......
[2019-8-30 11:13:47]Node 0.0 handle message ,isNeedToNotice is 0,system time is 3943.473263207......
[2019-8-30 11:13:47]Connect with [10.0.8.85] and client_sockfd is 14
[2019-8-30 11:13:47]Server created server thread successfully and socket is 14

[2019-8-30 11:13:47]Server recieve message Hello|1|2;......
[2019-8-30 11:13:47]Server send Hello|SUCCESS to Node and sock is 14

[2019-8-30 11:13:47]Server recieve message LinkStatus|1|2|2|4|1;......
[2019-8-30 11:13:47]Node 0.0 handle message ,isNeedToNotice is 0,system time is 3943.504205367......

[2019-8-30 11:13:47]Server recieve message LinkStatus|3|7|2|5|1;......
[2019-8-30 11:13:47]Node 0.0 handle message ,isNeedToNotice is 0,system time is 3943.512746422......

[2019-8-30 11:13:47]Server recieve message LinkStatus|1|2|2|5|1;......
[2019-8-30 11:13:47]Node 0.0 handle message ,isNeedToNotice is 0,system time is 3943.540973633......
[2019-8-30 11:13:47]Connect with [10.0.8.62] and client_sockfd is 16
[2019-8-30 11:13:47]Server created server thread successfully and socket is 16

[2019-8-30 11:13:47]Server recieve message Hello|3|2;......
[2019-8-30 11:13:47]Server send Hello|SUCCESS to Node and sock is 16

[2019-8-30 11:13:47]Server recieve message LinkStatus|3|2|2|0|1;......
[2019-8-30 11:13:47]Node 0.0 handle message ,isNeedToNotice is 0,system time is 3943.547472050......

[2019-8-30 11:13:47]Server recieve message LinkStatus|3|2|2|4|1;......
[2019-8-30 11:13:47]Node 0.0 handle message ,isNeedToNotice is 0,system time is 3943.584761125......
[2019-8-30 11:13:47]Connect with [10.0.8.63] and client_sockfd is 18
[2019-8-30 11:13:47]Server created server thread successfully and socket is 18

[2019-8-30 11:13:47]Server recieve message Hello|3|3;......
[2019-8-30 11:13:47]Server send Hello|SUCCESS to Node and sock is 18

[2019-8-30 11:13:47]Server recieve message LinkStatus|3|3|2|0|1;......
[2019-8-30 11:13:47]Node 0.0 handle message ,isNeedToNotice is 0,system time is 3943.673289928......

[2019-8-30 11:13:48]Server recieve message LinkStatus|3|3|2|4|1;......
[2019-8-30 11:13:48]Node 0.0 handle message ,isNeedToNotice is 0,system time is 3943.712713041......
[2019-8-30 11:13:48]Connect with [10.0.8.60] and client_sockfd is 20
[2019-8-30 11:13:48]Server created server thread successfully and socket is 20

[2019-8-30 11:13:48]Server recieve message Hello|3|0;......
[2019-8-30 11:13:48]Server send Hello|SUCCESS to Node and sock is 20

[2019-8-30 11:13:48]Server recieve message LinkStatus|3|0|2|0|1;......
[2019-8-30 11:13:48]Node 0.0 handle message ,isNeedToNotice is 0,system time is 3943.740986853......

[2019-8-30 11:13:48]Server recieve message LinkStatus|3|0|2|4|1;......
[2019-8-30 11:13:48]Node 0.0 handle message ,isNeedToNotice is 0,system time is 3943.780703072......
[2019-8-30 11:13:48]Connect with [10.0.8.66] and client_sockfd is 22
[2019-8-30 11:13:48]Server created server thread successfully and socket is 22

[2019-8-30 11:13:48]Server recieve message Hello|3|6;......
[2019-8-30 11:13:48]Server send Hello|SUCCESS to Node and sock is 22

[2019-8-30 11:13:48]Server recieve message LinkStatus|3|6|2|1|1;......
[2019-8-30 11:13:48]Node 0.0 handle message ,isNeedToNotice is 0,system time is 3943.822612530......

[2019-8-30 11:13:48]Server recieve message LinkStatus|3|6|2|5|1;......
[2019-8-30 11:13:48]Node 0.0 handle message ,isNeedToNotice is 0,system time is 3943.860500416......
[2019-8-30 11:13:48]Connect with [10.0.8.61] and client_sockfd is 24
[2019-8-30 11:13:48]Server created server thread successfully and socket is 24

[2019-8-30 11:13:48]Server recieve message Hello|3|1;......
[2019-8-30 11:13:48]Server send Hello|SUCCESS to Node and sock is 24

[2019-8-30 11:13:48]Server recieve message LinkStatus|3|1|2|0|1;......
[2019-8-30 11:13:48]Node 0.0 handle message ,isNeedToNotice is 0,system time is 3943.872097726......

[2019-8-30 11:13:48]Server recieve message LinkStatus|3|1|2|4|1;......
[2019-8-30 11:13:48]Node 0.0 handle message ,isNeedToNotice is 0,system time is 3943.912939965......
[2019-8-30 11:13:48]Connect with [10.0.8.81] and client_sockfd is 26
[2019-8-30 11:13:48]Server created server thread successfully and socket is 26

[2019-8-30 11:13:48]Server recieve message Hello|2|5;......
[2019-8-30 11:13:48]Server send Hello|SUCCESS to Node and sock is 26

[2019-8-30 11:13:48]Server recieve message LinkStatus|2|5|3|4|1;......
[2019-8-30 11:13:48]Node 0.0 handle message ,isNeedToNotice is 0,system time is 3943.919778689......
[2019-8-30 11:13:48]Connect with [10.0.8.76] and client_sockfd is 28
[2019-8-30 11:13:48]Server created server thread successfully and socket is 28

[2019-8-30 11:13:48]Server recieve message Hello|2|0;......
[2019-8-30 11:13:48]Server send Hello|SUCCESS to Node and sock is 28

[2019-8-30 11:13:48]Server recieve message LinkStatus|2|0|3|0|1;......
[2019-8-30 11:13:48]Node 0.0 handle message ,isNeedToNotice is 0,system time is 3943.945570256......

[2019-8-30 11:13:48]Server recieve message LinkStatus|2|5|3|5|1;......
[2019-8-30 11:13:48]Node 0.0 handle message ,isNeedToNotice is 0,system time is 3943.956562455......
[2019-8-30 11:13:48]Connect with [10.0.8.77] and client_sockfd is 30
[2019-8-30 11:13:48]Server created server thread successfully and socket is 30

[2019-8-30 11:13:48]Server recieve message Hello|2|1;......
[2019-8-30 11:13:48]Server send Hello|SUCCESS to Node and sock is 30

[2019-8-30 11:13:48]Server recieve message LinkStatus|2|1|3|4|1;......
[2019-8-30 11:13:48]Node 0.0 handle message ,isNeedToNotice is 0,system time is 3943.971590227......

[2019-8-30 11:13:48]Server recieve message LinkStatus|2|0|3|1|1;......
[2019-8-30 11:13:48]Node 0.0 handle message ,isNeedToNotice is 0,system time is 3943.988611135......

[2019-8-30 11:13:48]Server recieve message LinkStatus|2|1|3|5|1;......
[2019-8-30 11:13:48]Node 0.0 handle message ,isNeedToNotice is 0,system time is 3944.008657998......
[2019-8-30 11:13:48]Connect with [10.0.8.84] and client_sockfd is 32
[2019-8-30 11:13:48]Server created server thread successfully and socket is 32

[2019-8-30 11:13:48]Server recieve message Hello|1|0;......
[2019-8-30 11:13:48]Server send Hello|SUCCESS to Node and sock is 32

[2019-8-30 11:13:48]Server recieve message LinkStatus|1|0|2|0|1;......
[2019-8-30 11:13:48]Node 0.0 handle message ,isNeedToNotice is 0,system time is 3944.049361134......
[2019-8-30 11:13:48]Connect with [10.0.8.80] and client_sockfd is 34
[2019-8-30 11:13:48]Server created server thread successfully and socket is 34

[2019-8-30 11:13:48]Server recieve message Hello|2|4;......
[2019-8-30 11:13:48]Server send Hello|SUCCESS to Node and sock is 34

[2019-8-30 11:13:48]Server recieve message LinkStatus|2|4|3|0|1;......
[2019-8-30 11:13:48]Node 0.0 handle message ,isNeedToNotice is 0,system time is 3944.061989563......
[2019-8-30 11:13:48]Connect with [10.0.8.96] and client_sockfd is 36
[2019-8-30 11:13:48]Server created server thread successfully and socket is 36

[2019-8-30 11:13:48]Server recieve message Hello|1|1;......
[2019-8-30 11:13:48]Server send Hello|SUCCESS to Node and sock is 36

[2019-8-30 11:13:48]Server recieve message LinkStatus|1|1|2|0|1;......
[2019-8-30 11:13:48]Node 0.0 handle message ,isNeedToNotice is 0,system time is 3944.066601046......

[2019-8-30 11:13:48]Server recieve message LinkStatus|1|0|2|1|1;......
[2019-8-30 11:13:48]Node 0.0 handle message ,isNeedToNotice is 0,system time is 3944.088522043......

[2019-8-30 11:13:48]Server recieve message LinkStatus|2|4|3|1|1;......
[2019-8-30 11:13:48]Node 0.0 handle message ,isNeedToNotice is 0,system time is 3944.100728764......

[2019-8-30 11:13:48]Server recieve message LinkStatus|1|1|2|1|1;......
[2019-8-30 11:13:48]Node 0.0 handle message ,isNeedToNotice is 0,system time is 3944.104655035......
[2019-8-30 11:13:48]Connect with [10.0.8.97] and client_sockfd is 38
[2019-8-30 11:13:48]Server created server thread successfully and socket is 38

[2019-8-30 11:13:48]Server recieve message Hello|1|3;......
[2019-8-30 11:13:48]Server send Hello|SUCCESS to Node and sock is 38

[2019-8-30 11:13:48]Server recieve message LinkStatus|1|3|2|4|1;......
[2019-8-30 11:13:48]Node 0.0 handle message ,isNeedToNotice is 0,system time is 3944.151635986......

[2019-8-30 11:13:48]Server recieve message LinkStatus|1|3|2|5|1;......
[2019-8-30 11:13:48]Node 0.0 handle message ,isNeedToNotice is 0,system time is 3944.188612855......

[2019-8-30 11:16:16]Server recieve message LinkStatus|1|3|2|4|0;......
[2019-8-30 11:16:16]Node 0.0 handle message ,isNeedToNotice is 1,system time is 4092.633722636......
[2019-8-30 11:16:16]Master send message to nodes......
[2019-8-30 11:16:16]IssueInformation to switch:LinkStatus|2|4|1|3|0; client_sockfd is 32
[2019-8-30 11:16:16]IssueInformation to switch:LinkStatus|2|4|1|3|0; client_sockfd is 36
[2019-8-30 11:16:16]IssueInformation to switch:LinkStatus|2|4|1|3|0; client_sockfd is 14
[2019-8-30 11:16:16]IssueInformation to switch:LinkStatus|2|4|1|3|0; client_sockfd is 38
[2019-8-30 11:16:16]IssueInformation to switch:LinkStatus|2|4|1|3|0; client_sockfd is 28
[2019-8-30 11:16:16]IssueInformation to switch:LinkStatus|2|4|1|3|0; client_sockfd is 34
[2019-8-30 11:16:16]IssueInformation to switch:LinkStatus|2|4|1|3|0; client_sockfd is 20
[2019-8-30 11:16:16]IssueInformation to switch:LinkStatus|2|4|1|3|0; client_sockfd is 24
[2019-8-30 11:16:16]IssueInformation to switch:LinkStatus|2|4|1|3|0; client_sockfd is 16
[2019-8-30 11:16:16]IssueInformation to switch:LinkStatus|2|4|1|3|0; client_sockfd is 18

